<?xml version="1.0" encoding="UTF-8"?>
<coverage generated="1719612885985" clover="3.2.0">
  <project timestamp="1719612885986" name="All files">
    <metrics statements="18" coveredstatements="15" conditionals="11" coveredconditionals="8" methods="4" coveredmethods="1" elements="33" coveredelements="24" complexity="0" loc="18" ncloc="18" packages="3" files="4" classes="4"/>
    <package name="Capicua">
      <metrics statements="1" coveredstatements="0" conditionals="1" coveredconditionals="0" methods="1" coveredmethods="0"/>
      <file name="commitlint.config.cjs" path="C:\Users\gasto\OneDrive\Escritorio\capicua\Capicua\commitlint.config.cjs">
        <metrics statements="1" coveredstatements="0" conditionals="1" coveredconditionals="0" methods="1" coveredmethods="0"/>
        <line num="1" count="0" type="cond" truecount="0" falsecount="1"/>
      </file>
    </package>
    <package name="Capicua.src">
      <metrics statements="1" coveredstatements="0" conditionals="1" coveredconditionals="0" methods="1" coveredmethods="0"/>
      <file name="index.ts" path="C:\Users\gasto\OneDrive\Escritorio\capicua\Capicua\src\index.ts">
        <metrics statements="1" coveredstatements="0" conditionals="1" coveredconditionals="0" methods="1" coveredmethods="0"/>
        <line num="1" count="0" type="cond" truecount="0" falsecount="1"/>
      </file>
    </package>
    <package name="Capicua.src.palindrome">
      <metrics statements="16" coveredstatements="15" conditionals="9" coveredconditionals="8" methods="2" coveredmethods="1"/>
      <file name="index.ts" path="C:\Users\gasto\OneDrive\Escritorio\capicua\Capicua\src\palindrome\index.ts">
        <metrics statements="1" coveredstatements="0" conditionals="1" coveredconditionals="0" methods="1" coveredmethods="0"/>
        <line num="1" count="0" type="cond" truecount="0" falsecount="1"/>
      </file>
      <file name="palindrome.ts" path="C:\Users\gasto\OneDrive\Escritorio\capicua\Capicua\src\palindrome\palindrome.ts">
        <metrics statements="15" coveredstatements="15" conditionals="8" coveredconditionals="8" methods="1" coveredmethods="1"/>
        <line num="1" count="1" type="cond" truecount="1" falsecount="0"/>
        <line num="2" count="9" type="cond" truecount="1" falsecount="0"/>
        <line num="3" count="9" type="cond" truecount="1" falsecount="0"/>
        <line num="4" count="4" type="stmt"/>
        <line num="5" count="4" type="stmt"/>
        <line num="6" count="4" type="cond" truecount="1" falsecount="0"/>
        <line num="7" count="6" type="cond" truecount="1" falsecount="0"/>
        <line num="8" count="2" type="stmt"/>
        <line num="9" count="2" type="cond" truecount="1" falsecount="0"/>
        <line num="10" count="4" type="stmt"/>
        <line num="11" count="4" type="cond" truecount="1" falsecount="0"/>
        <line num="12" count="2" type="stmt"/>
        <line num="13" count="2" type="cond" truecount="1" falsecount="0"/>
        <line num="14" count="5" type="stmt"/>
        <line num="15" count="5" type="stmt"/>
      </file>
    </package>
  </project>
</coverage>
