{"C:\\Users\\gasto\\OneDrive\\Escritorio\\capicua\\Capicua\\commitlint.config.cjs": {"path":"C:\\Users\\gasto\\OneDrive\\Escritorio\\capicua\\Capicua\\commitlint.config.cjs","all":true,"statementMap":{"0":{"start":{"line":1,"column":0},"end":{"line":1,"column":65}}},"s":{"0":0},"branchMap":{"0":{"type":"branch","line":1,"loc":{"start":{"line":1,"column":0},"end":{"line":1,"column":65}},"locations":[{"start":{"line":1,"column":0},"end":{"line":1,"column":65}}]}},"b":{"0":[0]},"fnMap":{"0":{"name":"(empty-report)","decl":{"start":{"line":1,"column":0},"end":{"line":1,"column":65}},"loc":{"start":{"line":1,"column":0},"end":{"line":1,"column":65}},"line":1}},"f":{"0":0}}
,"C:\\Users\\gasto\\OneDrive\\Escritorio\\capicua\\Capicua\\src\\index.ts": {"path":"C:\\Users\\gasto\\OneDrive\\Escritorio\\capicua\\Capicua\\src\\index.ts","all":true,"statementMap":{"0":{"start":{"line":1,"column":0},"end":{"line":1,"column":28}}},"s":{"0":0},"branchMap":{"0":{"type":"branch","line":1,"loc":{"start":{"line":1,"column":0},"end":{"line":1,"column":14}},"locations":[{"start":{"line":1,"column":0},"end":{"line":1,"column":14}}]}},"b":{"0":[0]},"fnMap":{"0":{"name":"(empty-report)","decl":{"start":{"line":1,"column":0},"end":{"line":1,"column":14}},"loc":{"start":{"line":1,"column":0},"end":{"line":1,"column":14}},"line":1}},"f":{"0":0}}
,"C:\\Users\\gasto\\OneDrive\\Escritorio\\capicua\\Capicua\\src\\palindrome\\index.ts": {"path":"C:\\Users\\gasto\\OneDrive\\Escritorio\\capicua\\Capicua\\src\\palindrome\\index.ts","all":true,"statementMap":{"0":{"start":{"line":1,"column":0},"end":{"line":1,"column":28}}},"s":{"0":0},"branchMap":{"0":{"type":"branch","line":1,"loc":{"start":{"line":1,"column":0},"end":{"line":1,"column":14}},"locations":[{"start":{"line":1,"column":0},"end":{"line":1,"column":14}}]}},"b":{"0":[0]},"fnMap":{"0":{"name":"(empty-report)","decl":{"start":{"line":1,"column":0},"end":{"line":1,"column":14}},"loc":{"start":{"line":1,"column":0},"end":{"line":1,"column":14}},"line":1}},"f":{"0":0}}
,"C:\\Users\\gasto\\OneDrive\\Escritorio\\capicua\\Capicua\\src\\palindrome\\palindrome.ts": {"path":"C:\\Users\\gasto\\OneDrive\\Escritorio\\capicua\\Capicua\\src\\palindrome\\palindrome.ts","all":false,"statementMap":{"0":{"start":{"line":1,"column":0},"end":{"line":1,"column":71}},"1":{"start":{"line":2,"column":0},"end":{"line":2,"column":76}},"2":{"start":{"line":3,"column":0},"end":{"line":3,"column":39}},"3":{"start":{"line":4,"column":0},"end":{"line":4,"column":54}},"4":{"start":{"line":5,"column":0},"end":{"line":5,"column":44}},"5":{"start":{"line":6,"column":0},"end":{"line":6,"column":36}},"6":{"start":{"line":7,"column":0},"end":{"line":7,"column":47}},"7":{"start":{"line":8,"column":0},"end":{"line":8,"column":20}},"8":{"start":{"line":9,"column":0},"end":{"line":9,"column":7}},"9":{"start":{"line":10,"column":0},"end":{"line":10,"column":12}},"10":{"start":{"line":11,"column":0},"end":{"line":11,"column":5}},"11":{"start":{"line":12,"column":0},"end":{"line":12,"column":15}},"12":{"start":{"line":13,"column":0},"end":{"line":13,"column":3}},"13":{"start":{"line":14,"column":0},"end":{"line":14,"column":14}},"14":{"start":{"line":15,"column":0},"end":{"line":15,"column":1}}},"s":{"0":1,"1":9,"2":9,"3":4,"4":4,"5":4,"6":6,"7":2,"8":2,"9":4,"10":4,"11":2,"12":2,"13":5,"14":5},"branchMap":{"0":{"type":"branch","line":1,"loc":{"start":{"line":1,"column":28},"end":{"line":15,"column":1}},"locations":[{"start":{"line":1,"column":28},"end":{"line":15,"column":1}}]},"1":{"type":"branch","line":2,"loc":{"start":{"line":2,"column":38},"end":{"line":2,"column":76}},"locations":[{"start":{"line":2,"column":38},"end":{"line":2,"column":76}}]},"2":{"type":"branch","line":3,"loc":{"start":{"line":3,"column":38},"end":{"line":13,"column":3}},"locations":[{"start":{"line":3,"column":38},"end":{"line":13,"column":3}}]},"3":{"type":"branch","line":6,"loc":{"start":{"line":6,"column":35},"end":{"line":11,"column":5}},"locations":[{"start":{"line":6,"column":35},"end":{"line":11,"column":5}}]},"4":{"type":"branch","line":7,"loc":{"start":{"line":7,"column":46},"end":{"line":9,"column":7}},"locations":[{"start":{"line":7,"column":46},"end":{"line":9,"column":7}}]},"5":{"type":"branch","line":9,"loc":{"start":{"line":9,"column":6},"end":{"line":11,"column":5}},"locations":[{"start":{"line":9,"column":6},"end":{"line":11,"column":5}}]},"6":{"type":"branch","line":11,"loc":{"start":{"line":11,"column":4},"end":{"line":13,"column":3}},"locations":[{"start":{"line":11,"column":4},"end":{"line":13,"column":3}}]},"7":{"type":"branch","line":13,"loc":{"start":{"line":13,"column":2},"end":{"line":15,"column":1}},"locations":[{"start":{"line":13,"column":2},"end":{"line":15,"column":1}}]}},"b":{"0":[9],"1":[2],"2":[4],"3":[6],"4":[2],"5":[4],"6":[2],"7":[5]},"fnMap":{"0":{"name":"isPalindrome","decl":{"start":{"line":1,"column":28},"end":{"line":15,"column":1}},"loc":{"start":{"line":1,"column":28},"end":{"line":15,"column":1}},"line":1}},"f":{"0":9}}
}
